[debug] [2021-12-08T04:17:06.401Z] ----------------------------------------------------------------------
[debug] [2021-12-08T04:17:06.403Z] Command:       /usr/local/bin/node /usr/local/bin/firebase init
[debug] [2021-12-08T04:17:06.403Z] CLI Version:   9.16.0
[debug] [2021-12-08T04:17:06.403Z] Platform:      darwin
[debug] [2021-12-08T04:17:06.403Z] Node Version:  v14.16.0
[debug] [2021-12-08T04:17:06.404Z] Time:          Tue Dec 07 2021 20:17:06 GMT-0800 (Pacific Standard Time)
[debug] [2021-12-08T04:17:06.404Z] ----------------------------------------------------------------------
[debug] 
[debug] [2021-12-08T04:17:06.409Z] > command requires scopes: ["email","openid","https://www.googleapis.com/auth/cloudplatformprojects.readonly","https://www.googleapis.com/auth/firebase","https://www.googleapis.com/auth/cloud-platform"]
[debug] [2021-12-08T04:17:06.409Z] > authorizing via signed-in user (shangads@gmail.com)
[info] 
     ######## #### ########  ######## ########     ###     ######  ########
     ##        ##  ##     ## ##       ##     ##  ##   ##  ##       ##
     ######    ##  ########  ######   ########  #########  ######  ######
     ##        ##  ##    ##  ##       ##     ## ##     ##       ## ##
     ##       #### ##     ## ######## ########  ##     ##  ######  ########

You're about to initialize a Firebase project in this directory:

  /Users/shantanu/Documents/GitHub/js-frameworks/Angular_lte_4/art-is-god

[info] 
=== Project Setup
[info] 
[info] First, let's associate this project directory with a Firebase project.
[info] You can create multiple project aliases by running firebase use --add, 
[info] but for now we'll just set up a default project.
[info] 
[info] i  .firebaserc already has a default project, using art-is-god. 
[debug] [2021-12-08T04:17:47.151Z] >>> [apiv2][query] GET https://firebase.googleapis.com/v1beta1/projects/art-is-god [none]
[debug] [2021-12-08T04:17:47.580Z] <<< [apiv2][status] GET https://firebase.googleapis.com/v1beta1/projects/art-is-god 403
[debug] [2021-12-08T04:17:47.580Z] <<< [apiv2][body] GET https://firebase.googleapis.com/v1beta1/projects/art-is-god {"error":{"code":403,"message":"The caller does not have permission","status":"PERMISSION_DENIED"}}
[debug] [2021-12-08T04:17:47.581Z] HTTP Error: 403, The caller does not have permission
[debug] [2021-12-08T04:17:47.808Z] FirebaseError: HTTP Error: 403, The caller does not have permission
    at module.exports (/usr/local/lib/node_modules/firebase-tools/lib/responseToError.js:38:12)
    at Client.doRequest (/usr/local/lib/node_modules/firebase-tools/lib/apiv2.js:238:23)
    at processTicksAndRejections (internal/process/task_queues.js:93:5)
    at async Client.request (/usr/local/lib/node_modules/firebase-tools/lib/apiv2.js:96:20)
    at async Object.getFirebaseProject (/usr/local/lib/node_modules/firebase-tools/lib/management/projects.js:290:21)
    at async Object.doSetup [as project] (/usr/local/lib/node_modules/firebase-tools/lib/init/features/project.js:77:27)
    at async init (/usr/local/lib/node_modules/firebase-tools/lib/init/index.js:19:9)
[error] 
[error] Error: Failed to get Firebase project art-is-god. Please make sure the project exists and your account has permission to access it.
